Architecture:        aarch64
Byte Order:          Little Endian
CPU(s):              4
On-line CPU(s) list: 0-3
Thread(s) per core:  1
Core(s) per socket:  4
Socket(s):           1
NUMA node(s):        1
Vendor ID:           ARM
Model:               4
Model name:          Cortex-A53
Stepping:            r0p4
CPU max MHz:         1500.0000
CPU min MHz:         500.0000
BogoMIPS:            16.66
L1d cache:           unknown size
L1i cache:           unknown size
L2 cache:            unknown size
NUMA node0 CPU(s):   0-3
Flags:               fp asimd evtstrm aes pmull sha1 sha2 crc32 cpuid
MemTotal:        1009596 kB
================================================================================
perf stat -o spec_gcc.log --per-core -a  taskset -c 0-3 ./spec_gcc_benchmark.sh -n 4
ref32.c:6213:17: warning: conflicting types for built-in function 'imaxabs'
gcc-pp.c: In function 'fibheap_delete_node':
gcc-pp.c:19958:49: warning: overflow in implicit constant conversion
gcc-smaller.c: In function 'fibheap_delete_node':
gcc-smaller.c:19958:49: warning: overflow in implicit constant conversion
gcc-smaller.c: In function 'fibheap_delete_node':
gcc-smaller.c:19958:49: warning: overflow in implicit constant conversion
gcc-smaller.c: In function 'htab_mod_1':gcc-pp.c: In function 'htab_mod_1':

gcc-pp.c:25469:7: warning: right shift count >= width of typegcc-smaller.c:25469:7: warning: right shift count >= width of type

gcc-smaller.c: In function 'htab_mod_1':
gcc-smaller.c:25469:7: warning: right shift count >= width of type
./spec_gcc_benchmark.sh: line 35:   584 Killed                  ./cpugcc_r ${files[i]}".c" -O5 -o ${files[i]}".o"_$i
./spec_gcc_benchmark.sh: line 35:   585 Killed                  ./cpugcc_r ${files[i]}".c" -O5 -o ${files[i]}".o"_$i
./spec_gcc_benchmark.sh: line 35:   586 Killed                  ./cpugcc_r ${files[i]}".c" -O5 -o ${files[i]}".o"_$i
/root/i-benchmarks/spec/bin
cat: cat: No such file or directory
# started on Tue Mar 16 23:16:13 2021


 Performance counter stats for 'system wide':

S0-C0           1           83365.09 msec cpu-clock                 #    1.000 CPUs utilized          
S0-C0           1              69604      context-switches          #    0.835 K/sec                  
S0-C0           1               3423      cpu-migrations            #    0.041 K/sec                  
S0-C0           1             139623      page-faults               #    0.002 M/sec                  
S0-C0           1        54704240404      cycles                    #    0.656 GHz                    
S0-C0           1        16903250129      instructions              #    0.31  insn per cycle         
S0-C0           1         2600557548      branches                  #   31.195 M/sec                  
S0-C0           1          468701306      branch-misses             #   18.02% of all branches        
S0-C1           1           83365.09 msec cpu-clock                 #    1.000 CPUs utilized          
S0-C1           1             114493      context-switches          #    0.001 M/sec                  
S0-C1           1               3646      cpu-migrations            #    0.044 K/sec                  
S0-C1           1             341792      page-faults               #    0.004 M/sec                  
S0-C1           1        55047805190      cycles                    #    0.660 GHz                    
S0-C1           1        22369885310      instructions              #    0.41  insn per cycle         
S0-C1           1         3032760709      branches                  #   36.379 M/sec                  
S0-C1           1          456118492      branch-misses             #   15.04% of all branches        
S0-C2           1           83365.10 msec cpu-clock                 #    1.000 CPUs utilized          
S0-C2           1              99736      context-switches          #    0.001 M/sec                  
S0-C2           1               3486      cpu-migrations            #    0.042 K/sec                  
S0-C2           1             309029      page-faults               #    0.004 M/sec                  
S0-C2           1        61587937255      cycles                    #    0.739 GHz                    
S0-C2           1        25232604375      instructions              #    0.41  insn per cycle         
S0-C2           1         3433059928      branches                  #   41.181 M/sec                  
S0-C2           1          497626561      branch-misses             #   14.50% of all branches        
S0-C3           1           83365.10 msec cpu-clock                 #    1.000 CPUs utilized          
S0-C3           1              43767      context-switches          #    0.525 K/sec                  
S0-C3           1               1205      cpu-migrations            #    0.014 K/sec                  
S0-C3           1             153812      page-faults               #    0.002 M/sec                  
S0-C3           1        77254410131      cycles                    #    0.927 GHz                    
S0-C3           1        26849654772      instructions              #    0.35  insn per cycle         
S0-C3           1         3674820881      branches                  #   44.081 M/sec                  
S0-C3           1          347098940      branch-misses             #    9.45% of all branches        

      83.366890546 seconds time elapsed

================================================================================
perf stat -o spec_mcf.log --per-core -a  taskset -c 0-3  ./spec_mcf_benchmark.sh -n 4



MCF SPEC CPU version 1.11
MCF SPEC CPU version 1.11
Copyright (c) 1998-2000 Zuse Institut Berlin (ZIB)
MCF SPEC CPU version 1.11
Copyright (c) 2000-2002 Andreas Loebel & ZIB
Copyright (c) 1998-2000 Zuse Institut Berlin (ZIB)
Copyright (c) 2003-2005 Andreas Loebel
Copyright (c) 2000-2002 Andreas Loebel & ZIB
Copyright (c) 2006-2010 Dres. Loebel, Borndoerfer & Weider GbR (LBW)
Copyright (c) 2003-2005 Andreas Loebel
Copyright (c) 2006-2010 Dres. Loebel, Borndoerfer & Weider GbR (LBW)



MCF SPEC CPU version 1.11
Copyright (c) 1998-2000 Zuse Institut Berlin (ZIB)
Copyright (c) 2000-2002 Andreas Loebel & ZIB
Copyright (c) 2003-2005 Andreas Loebel
Copyright (c) 2006-2010 Dres. Loebel, Borndoerfer & Weider GbR (LBW)

Copyright (c) 1998-2000 Zuse Institut Berlin (ZIB)
Copyright (c) 2000-2002 Andreas Loebel & ZIB
Copyright (c) 2003-2005 Andreas Loebel
Copyright (c) 2006-2010 Dres. Loebel, Borndoerfer & Weider GbR (LBW)

nodes                      : 5985
nodes                      : 5985
nodes                      : 5985
nodes                      : 5985
active arcs                : 102404
active arcs                : 102404
active arcs                : 102404
active arcs                : 102404
simplex iterations         : 45986
objective value            : 3180065918
simplex iterations         : 45986
objective value            : 3180065918
simplex iterations         : 45986
objective value            : 3180065918
simplex iterations         : 45986
objective value            : 3180065918
new implicit arcs          : 1000000
active arcs                : 1102404
new implicit arcs          : 1000000
active arcs                : 1102404
new implicit arcs          : 1000000
active arcs                : 1102404
simplex iterations         : 57610
objective value            : 2060058590
simplex iterations         : 57610
objective value            : 2060058590
erased arcs                : 998080
erased arcs                : 998080
new implicit arcs          : 721331
active arcs                : 825655
new implicit arcs          : 721331
active arcs                : 825655
simplex iterations         : 70075
simplex iterations         : 70075
objective value            : 2060055934
objective value            : 2060055934
erased arcs                : 719199
erased arcs                : 719199
new implicit arcs          : 807
active arcs                : 107263
new implicit arcs          : 807
active arcs                : 107263
simplex iterations         : 70415
objective value            : 2060055898
erased arcs                : 935
simplex iterations         : 70415
objective value            : 2060055898
erased arcs                : 935
new implicit arcs          : 579
active arcs                : 106907
simplex iterations         : 70428
objective value            : 2060055880
erased arcs                : 578
new implicit arcs          : 579
active arcs                : 106907
simplex iterations         : 70428
objective value            : 2060055880
erased arcs                : 578
new implicit arcs          : 34
active arcs                : 106363
simplex iterations         : 70450
objective value            : 2060055880
erased arcs                : 34
new implicit arcs          : 34
active arcs                : 106363
simplex iterations         : 70450
objective value            : 2060055880
erased arcs                : 34
new implicit arcs          : 1
active arcs                : 106330
simplex iterations         : 70451
objective value            : 2060055880
erased arcs                : 1
new implicit arcs          : 1
active arcs                : 106330
simplex iterations         : 70451
objective value            : 2060055880
erased arcs                : 1
new implicit arcs          : 6
active arcs                : 106335
simplex iterations         : 70460
objective value            : 2060055880
erased arcs                : 10
new implicit arcs          : 6
active arcs                : 106335
simplex iterations         : 70460
objective value            : 2060055880
erased arcs                : 10
new implicit arcs          : 8
active arcs                : 106333
new implicit arcs          : 8
active arcs                : 106333
simplex iterations         : 70583
objective value            : 2060055879
erased arcs                : 114
simplex iterations         : 70583
objective value            : 2060055879
erased arcs                : 114
new implicit arcs          : 3538
active arcs                : 109757
new implicit arcs          : 3538
active arcs                : 109757
simplex iterations         : 71002
objective value            : 2060055866
erased arcs                : 3547
simplex iterations         : 71002
objective value            : 2060055866
erased arcs                : 3547
checksum                   : 2060055866
done
checksum                   : 2060055866
done
./spec_mcf_benchmark.sh: line 33:   593 Killed                  ./mcf_r mcf_inp.in
./spec_mcf_benchmark.sh: line 33:   594 Killed                  ./mcf_r mcf_inp.in
/root/i-benchmarks/spec/bin
# started on Tue Mar 16 23:17:37 2021


 Performance counter stats for 'system wide':

S0-C0           1          115871.65 msec cpu-clock                 #    1.000 CPUs utilized          
S0-C0           1              22496      context-switches          #    0.194 K/sec                  
S0-C0           1                307      cpu-migrations            #    0.003 K/sec                  
S0-C0           1              22858      page-faults               #    0.197 K/sec                  
S0-C0           1        85485377891      cycles                    #    0.738 GHz                    
S0-C0           1        14331592168      instructions              #    0.17  insn per cycle         
S0-C0           1         2261160675      branches                  #   19.514 M/sec                  
S0-C0           1          350841417      branch-misses             #   15.52% of all branches        
S0-C1           1          115871.69 msec cpu-clock                 #    1.000 CPUs utilized          
S0-C1           1               9757      context-switches          #    0.084 K/sec                  
S0-C1           1                190      cpu-migrations            #    0.002 K/sec                  
S0-C1           1              54715      page-faults               #    0.472 K/sec                  
S0-C1           1       172982318778      cycles                    #    1.493 GHz                    
S0-C1           1        27623137401      instructions              #    0.16  insn per cycle         
S0-C1           1         4026488556      branches                  #   34.750 M/sec                  
S0-C1           1          531180942      branch-misses             #   13.19% of all branches        
S0-C2           1          115871.64 msec cpu-clock                 #    1.000 CPUs utilized          
S0-C2           1              14484      context-switches          #    0.125 K/sec                  
S0-C2           1                159      cpu-migrations            #    0.001 K/sec                  
S0-C2           1              44383      page-faults               #    0.383 K/sec                  
S0-C2           1       168034246133      cycles                    #    1.450 GHz                    
S0-C2           1        27395022681      instructions              #    0.16  insn per cycle         
S0-C2           1         4032446267      branches                  #   34.801 M/sec                  
S0-C2           1          535743417      branch-misses             #   13.29% of all branches        
S0-C3           1          115871.64 msec cpu-clock                 #    1.000 CPUs utilized          
S0-C3           1               7863      context-switches          #    0.068 K/sec                  
S0-C3           1                262      cpu-migrations            #    0.002 K/sec                  
S0-C3           1              30637      page-faults               #    0.264 K/sec                  
S0-C3           1        99016748748      cycles                    #    0.855 GHz                    
S0-C3           1        15386710005      instructions              #    0.16  insn per cycle         
S0-C3           1         2380151742      branches                  #   20.541 M/sec                  
S0-C3           1          358930053      branch-misses             #   15.08% of all branches        

     115.874502257 seconds time elapsed

================================================================================
================================================================================
Printing results
File: spec_gcc.txt
instructions: 91355394586
=(16903250129+22369885310+25232604375+26849654772)
frequencies: 0.746
=(0.656+0.660+0.739+0.927)/4
ipcs:0.37
=1*(0.31+0.41+0.41+0.35)/4

File: spec_mcf.txt
instructions: 84736462255
=(14331592168+27623137401+27395022681+15386710005)
frequencies: 1.134
=(0.738+1.493+1.450+0.855)/4
ipcs:0.16
=1*(0.17+0.16+0.16+0.16)/4

================================================================================
Finished running benchmarks
================================================================================
